{"/Users/luispavao/Desktop/Projetos/RocketSeat/Node-solid/src/app.ts": {"path":"/Users/luispavao/Desktop/Projetos/RocketSeat/Node-solid/src/app.ts","all":true,"statementMap":{"0":{"start":{"line":1,"column":0},"end":{"line":1,"column":30}},"1":{"start":{"line":2,"column":0},"end":{"line":2,"column":30}},"2":{"start":{"line":3,"column":0},"end":{"line":3,"column":44}},"3":{"start":{"line":4,"column":0},"end":{"line":4,"column":31}},"4":{"start":{"line":5,"column":0},"end":{"line":5,"column":29}},"6":{"start":{"line":7,"column":0},"end":{"line":7,"column":24}},"8":{"start":{"line":9,"column":0},"end":{"line":9,"column":42}},"9":{"start":{"line":10,"column":0},"end":{"line":10,"column":34}},"10":{"start":{"line":11,"column":0},"end":{"line":11,"column":7}},"11":{"start":{"line":12,"column":0},"end":{"line":12,"column":18}},"12":{"start":{"line":13,"column":0},"end":{"line":13,"column":69}},"13":{"start":{"line":14,"column":0},"end":{"line":14,"column":11}},"14":{"start":{"line":15,"column":0},"end":{"line":15,"column":3}},"15":{"start":{"line":16,"column":0},"end":{"line":16,"column":31}},"16":{"start":{"line":17,"column":0},"end":{"line":17,"column":25}},"17":{"start":{"line":18,"column":0},"end":{"line":18,"column":10}},"19":{"start":{"line":20,"column":0},"end":{"line":20,"column":3}},"20":{"start":{"line":21,"column":0},"end":{"line":21,"column":61}},"21":{"start":{"line":22,"column":0},"end":{"line":22,"column":3}}},"s":{"0":0,"1":0,"2":0,"3":0,"4":0,"6":0,"8":0,"9":0,"10":0,"11":0,"12":0,"13":0,"14":0,"15":0,"16":0,"17":0,"19":0,"20":0,"21":0},"branchMap":{"0":{"type":"branch","line":1,"loc":{"start":{"line":1,"column":0},"end":{"line":22,"column":-418}},"locations":[{"start":{"line":1,"column":0},"end":{"line":22,"column":-418}}]}},"b":{"0":[0]},"fnMap":{"0":{"name":"(empty-report)","decl":{"start":{"line":1,"column":0},"end":{"line":22,"column":-418}},"loc":{"start":{"line":1,"column":0},"end":{"line":22,"column":-418}},"line":1}},"f":{"0":0}}
,"/Users/luispavao/Desktop/Projetos/RocketSeat/Node-solid/src/server.ts": {"path":"/Users/luispavao/Desktop/Projetos/RocketSeat/Node-solid/src/server.ts","all":true,"statementMap":{"0":{"start":{"line":1,"column":0},"end":{"line":1,"column":28}},"1":{"start":{"line":2,"column":0},"end":{"line":2,"column":28}},"3":{"start":{"line":4,"column":0},"end":{"line":4,"column":3}},"4":{"start":{"line":5,"column":0},"end":{"line":5,"column":11}},"5":{"start":{"line":6,"column":0},"end":{"line":6,"column":19}},"6":{"start":{"line":7,"column":0},"end":{"line":7,"column":20}},"7":{"start":{"line":8,"column":0},"end":{"line":8,"column":4}},"8":{"start":{"line":9,"column":0},"end":{"line":9,"column":22}},"9":{"start":{"line":10,"column":0},"end":{"line":10,"column":52}},"10":{"start":{"line":11,"column":0},"end":{"line":11,"column":5}}},"s":{"0":0,"1":0,"3":0,"4":0,"5":0,"6":0,"7":0,"8":0,"9":0,"10":0},"branchMap":{"0":{"type":"branch","line":1,"loc":{"start":{"line":1,"column":202},"end":{"line":11,"column":5}},"locations":[{"start":{"line":1,"column":202},"end":{"line":11,"column":5}}]}},"b":{"0":[0]},"fnMap":{"0":{"name":"(empty-report)","decl":{"start":{"line":1,"column":202},"end":{"line":11,"column":5}},"loc":{"start":{"line":1,"column":202},"end":{"line":11,"column":5}},"line":1}},"f":{"0":0}}
,"/Users/luispavao/Desktop/Projetos/RocketSeat/Node-solid/src/env/index.ts": {"path":"/Users/luispavao/Desktop/Projetos/RocketSeat/Node-solid/src/env/index.ts","all":true,"statementMap":{"0":{"start":{"line":1,"column":0},"end":{"line":1,"column":23}},"1":{"start":{"line":2,"column":0},"end":{"line":2,"column":24}},"4":{"start":{"line":5,"column":0},"end":{"line":5,"column":28}},"5":{"start":{"line":6,"column":0},"end":{"line":6,"column":40}},"6":{"start":{"line":7,"column":0},"end":{"line":7,"column":65}},"7":{"start":{"line":8,"column":0},"end":{"line":8,"column":61}},"9":{"start":{"line":10,"column":0},"end":{"line":10,"column":80}},"11":{"start":{"line":12,"column":0},"end":{"line":12,"column":20}},"12":{"start":{"line":13,"column":0},"end":{"line":13,"column":99}},"13":{"start":{"line":14,"column":0},"end":{"line":14,"column":64}},"14":{"start":{"line":15,"column":0},"end":{"line":15,"column":49}},"16":{"start":{"line":17,"column":0},"end":{"line":17,"column":64}}},"s":{"0":0,"1":0,"4":0,"5":0,"6":0,"7":0,"9":0,"11":0,"12":0,"13":0,"14":0,"16":0},"branchMap":{"0":{"type":"branch","line":1,"loc":{"start":{"line":1,"column":664},"end":{"line":17,"column":64}},"locations":[{"start":{"line":1,"column":664},"end":{"line":17,"column":64}}]}},"b":{"0":[0]},"fnMap":{"0":{"name":"(empty-report)","decl":{"start":{"line":1,"column":664},"end":{"line":17,"column":64}},"loc":{"start":{"line":1,"column":664},"end":{"line":17,"column":64}},"line":1}},"f":{"0":0}}
,"/Users/luispavao/Desktop/Projetos/RocketSeat/Node-solid/src/http/routes.ts": {"path":"/Users/luispavao/Desktop/Projetos/RocketSeat/Node-solid/src/http/routes.ts","all":true,"statementMap":{"0":{"start":{"line":1,"column":0},"end":{"line":1,"column":63}},"2":{"start":{"line":3,"column":0},"end":{"line":3,"column":57}},"4":{"start":{"line":5,"column":0},"end":{"line":5,"column":55}},"5":{"start":{"line":6,"column":0},"end":{"line":6,"column":31}},"6":{"start":{"line":7,"column":0},"end":{"line":7,"column":38}},"7":{"start":{"line":8,"column":0},"end":{"line":8,"column":1}}},"s":{"0":0,"2":0,"4":0,"5":0,"6":0,"7":0},"branchMap":{"0":{"type":"branch","line":1,"loc":{"start":{"line":1,"column":0},"end":{"line":8,"column":-65}},"locations":[{"start":{"line":1,"column":0},"end":{"line":8,"column":-65}}]}},"b":{"0":[0]},"fnMap":{"0":{"name":"(empty-report)","decl":{"start":{"line":1,"column":0},"end":{"line":8,"column":-65}},"loc":{"start":{"line":1,"column":0},"end":{"line":8,"column":-65}},"line":1}},"f":{"0":0}}
,"/Users/luispavao/Desktop/Projetos/RocketSeat/Node-solid/src/http/controllers/authenticate.ts": {"path":"/Users/luispavao/Desktop/Projetos/RocketSeat/Node-solid/src/http/controllers/authenticate.ts","all":true,"statementMap":{"0":{"start":{"line":1,"column":0},"end":{"line":1,"column":87}},"1":{"start":{"line":2,"column":0},"end":{"line":2,"column":91}},"3":{"start":{"line":4,"column":0},"end":{"line":4,"column":24}},"5":{"start":{"line":6,"column":0},"end":{"line":6,"column":76}},"6":{"start":{"line":7,"column":0},"end":{"line":7,"column":43}},"7":{"start":{"line":8,"column":0},"end":{"line":8,"column":30}},"8":{"start":{"line":9,"column":0},"end":{"line":9,"column":32}},"9":{"start":{"line":10,"column":0},"end":{"line":10,"column":5}},"11":{"start":{"line":12,"column":0},"end":{"line":12,"column":69}},"12":{"start":{"line":13,"column":0},"end":{"line":13,"column":7}},"13":{"start":{"line":14,"column":0},"end":{"line":14,"column":54}},"14":{"start":{"line":15,"column":0},"end":{"line":15,"column":55}},"15":{"start":{"line":16,"column":0},"end":{"line":16,"column":19}},"16":{"start":{"line":17,"column":0},"end":{"line":17,"column":51}},"17":{"start":{"line":18,"column":0},"end":{"line":18,"column":62}},"18":{"start":{"line":19,"column":0},"end":{"line":19,"column":5}},"19":{"start":{"line":20,"column":0},"end":{"line":20,"column":16}},"20":{"start":{"line":21,"column":0},"end":{"line":21,"column":3}},"22":{"start":{"line":23,"column":0},"end":{"line":23,"column":25}},"23":{"start":{"line":24,"column":0},"end":{"line":24,"column":1}}},"s":{"0":0,"1":0,"3":0,"5":0,"6":0,"7":0,"8":0,"9":0,"11":0,"12":0,"13":0,"14":0,"15":0,"16":0,"17":0,"18":0,"19":0,"20":0,"22":0,"23":0},"branchMap":{"0":{"type":"branch","line":1,"loc":{"start":{"line":1,"column":0},"end":{"line":24,"column":-193}},"locations":[{"start":{"line":1,"column":0},"end":{"line":24,"column":-193}}]}},"b":{"0":[0]},"fnMap":{"0":{"name":"(empty-report)","decl":{"start":{"line":1,"column":0},"end":{"line":24,"column":-193}},"loc":{"start":{"line":1,"column":0},"end":{"line":24,"column":-193}},"line":1}},"f":{"0":0}}
,"/Users/luispavao/Desktop/Projetos/RocketSeat/Node-solid/src/http/controllers/register.ts": {"path":"/Users/luispavao/Desktop/Projetos/RocketSeat/Node-solid/src/http/controllers/register.ts","all":true,"statementMap":{"0":{"start":{"line":1,"column":0},"end":{"line":1,"column":83}},"2":{"start":{"line":3,"column":0},"end":{"line":3,"column":86}},"3":{"start":{"line":4,"column":0},"end":{"line":4,"column":24}},"5":{"start":{"line":6,"column":0},"end":{"line":6,"column":72}},"6":{"start":{"line":7,"column":0},"end":{"line":7,"column":39}},"7":{"start":{"line":8,"column":0},"end":{"line":8,"column":30}},"8":{"start":{"line":9,"column":0},"end":{"line":9,"column":32}},"9":{"start":{"line":10,"column":0},"end":{"line":10,"column":28}},"10":{"start":{"line":11,"column":0},"end":{"line":11,"column":5}},"12":{"start":{"line":13,"column":0},"end":{"line":13,"column":71}},"13":{"start":{"line":14,"column":0},"end":{"line":14,"column":7}},"14":{"start":{"line":15,"column":0},"end":{"line":15,"column":50}},"16":{"start":{"line":17,"column":0},"end":{"line":17,"column":61}},"17":{"start":{"line":18,"column":0},"end":{"line":18,"column":19}},"18":{"start":{"line":19,"column":0},"end":{"line":19,"column":49}},"19":{"start":{"line":20,"column":0},"end":{"line":20,"column":62}},"20":{"start":{"line":21,"column":0},"end":{"line":21,"column":5}},"21":{"start":{"line":22,"column":0},"end":{"line":22,"column":16}},"22":{"start":{"line":23,"column":0},"end":{"line":23,"column":3}},"24":{"start":{"line":25,"column":0},"end":{"line":25,"column":40}},"25":{"start":{"line":26,"column":0},"end":{"line":26,"column":1}}},"s":{"0":0,"2":0,"3":0,"5":0,"6":0,"7":0,"8":0,"9":0,"10":0,"12":0,"13":0,"14":0,"16":0,"17":0,"18":0,"19":0,"20":0,"21":0,"22":0,"24":0,"25":0},"branchMap":{"0":{"type":"branch","line":1,"loc":{"start":{"line":1,"column":0},"end":{"line":26,"column":-211}},"locations":[{"start":{"line":1,"column":0},"end":{"line":26,"column":-211}}]}},"b":{"0":[0]},"fnMap":{"0":{"name":"(empty-report)","decl":{"start":{"line":1,"column":0},"end":{"line":26,"column":-211}},"loc":{"start":{"line":1,"column":0},"end":{"line":26,"column":-211}},"line":1}},"f":{"0":0}}
,"/Users/luispavao/Desktop/Projetos/RocketSeat/Node-solid/src/lib/prisma.ts": {"path":"/Users/luispavao/Desktop/Projetos/RocketSeat/Node-solid/src/lib/prisma.ts","all":true,"statementMap":{"0":{"start":{"line":1,"column":0},"end":{"line":1,"column":46}},"1":{"start":{"line":2,"column":0},"end":{"line":2,"column":37}},"3":{"start":{"line":4,"column":0},"end":{"line":4,"column":40}},"4":{"start":{"line":5,"column":0},"end":{"line":5,"column":47}},"5":{"start":{"line":6,"column":0},"end":{"line":6,"column":3}}},"s":{"0":0,"1":0,"3":0,"4":0,"5":0},"branchMap":{"0":{"type":"branch","line":1,"loc":{"start":{"line":1,"column":178},"end":{"line":6,"column":3}},"locations":[{"start":{"line":1,"column":178},"end":{"line":6,"column":3}}]}},"b":{"0":[0]},"fnMap":{"0":{"name":"(empty-report)","decl":{"start":{"line":1,"column":178},"end":{"line":6,"column":3}},"loc":{"start":{"line":1,"column":178},"end":{"line":6,"column":3}},"line":1}},"f":{"0":0}}
,"/Users/luispavao/Desktop/Projetos/RocketSeat/Node-solid/src/repositories/check-ins-repository.ts": {"path":"/Users/luispavao/Desktop/Projetos/RocketSeat/Node-solid/src/repositories/check-ins-repository.ts","all":true,"statementMap":{},"s":{},"branchMap":{"0":{"type":"branch","line":1,"loc":{"start":{"line":1,"column":355},"end":{"line":8,"column":1}},"locations":[{"start":{"line":1,"column":355},"end":{"line":8,"column":1}}]}},"b":{"0":[1]},"fnMap":{"0":{"name":"(empty-report)","decl":{"start":{"line":1,"column":355},"end":{"line":8,"column":1}},"loc":{"start":{"line":1,"column":355},"end":{"line":8,"column":1}},"line":1}},"f":{"0":1}}
,"/Users/luispavao/Desktop/Projetos/RocketSeat/Node-solid/src/repositories/gyms-repository.ts": {"path":"/Users/luispavao/Desktop/Projetos/RocketSeat/Node-solid/src/repositories/gyms-repository.ts","all":true,"statementMap":{},"s":{},"branchMap":{"0":{"type":"branch","line":1,"loc":{"start":{"line":1,"column":180},"end":{"line":6,"column":1}},"locations":[{"start":{"line":1,"column":180},"end":{"line":6,"column":1}}]}},"b":{"0":[1]},"fnMap":{"0":{"name":"(empty-report)","decl":{"start":{"line":1,"column":180},"end":{"line":6,"column":1}},"loc":{"start":{"line":1,"column":180},"end":{"line":6,"column":1}},"line":1}},"f":{"0":1}}
,"/Users/luispavao/Desktop/Projetos/RocketSeat/Node-solid/src/repositories/users-repository.ts": {"path":"/Users/luispavao/Desktop/Projetos/RocketSeat/Node-solid/src/repositories/users-repository.ts","all":true,"statementMap":{},"s":{},"branchMap":{"0":{"type":"branch","line":1,"loc":{"start":{"line":1,"column":237},"end":{"line":7,"column":1}},"locations":[{"start":{"line":1,"column":237},"end":{"line":7,"column":1}}]}},"b":{"0":[1]},"fnMap":{"0":{"name":"(empty-report)","decl":{"start":{"line":1,"column":237},"end":{"line":7,"column":1}},"loc":{"start":{"line":1,"column":237},"end":{"line":7,"column":1}},"line":1}},"f":{"0":1}}
,"/Users/luispavao/Desktop/Projetos/RocketSeat/Node-solid/src/repositories/in-memory/in-memory-check-ins-repository.ts": {"path":"/Users/luispavao/Desktop/Projetos/RocketSeat/Node-solid/src/repositories/in-memory/in-memory-check-ins-repository.ts","all":false,"statementMap":{"0":{"start":{"line":1,"column":0},"end":{"line":1,"column":73}},"2":{"start":{"line":3,"column":0},"end":{"line":3,"column":26}},"3":{"start":{"line":4,"column":0},"end":{"line":4,"column":41}},"5":{"start":{"line":6,"column":0},"end":{"line":6,"column":71}},"6":{"start":{"line":7,"column":0},"end":{"line":7,"column":31}},"8":{"start":{"line":9,"column":0},"end":{"line":9,"column":56}},"9":{"start":{"line":10,"column":0},"end":{"line":10,"column":54}},"10":{"start":{"line":11,"column":0},"end":{"line":11,"column":50}},"12":{"start":{"line":13,"column":0},"end":{"line":13,"column":60}},"13":{"start":{"line":14,"column":0},"end":{"line":14,"column":52}},"14":{"start":{"line":15,"column":0},"end":{"line":15,"column":26}},"15":{"start":{"line":16,"column":0},"end":{"line":16,"column":80}},"16":{"start":{"line":17,"column":0},"end":{"line":17,"column":56}},"17":{"start":{"line":18,"column":0},"end":{"line":18,"column":7}},"19":{"start":{"line":20,"column":0},"end":{"line":20,"column":29}},"20":{"start":{"line":21,"column":0},"end":{"line":21,"column":18}},"21":{"start":{"line":22,"column":0},"end":{"line":22,"column":5}},"23":{"start":{"line":24,"column":0},"end":{"line":24,"column":29}},"24":{"start":{"line":25,"column":0},"end":{"line":25,"column":3}},"26":{"start":{"line":27,"column":0},"end":{"line":27,"column":58}},"27":{"start":{"line":28,"column":0},"end":{"line":28,"column":30}},"28":{"start":{"line":29,"column":0},"end":{"line":29,"column":23}},"29":{"start":{"line":30,"column":0},"end":{"line":30,"column":28}},"30":{"start":{"line":31,"column":0},"end":{"line":31,"column":26}},"31":{"start":{"line":32,"column":0},"end":{"line":32,"column":75}},"32":{"start":{"line":33,"column":0},"end":{"line":33,"column":29}},"33":{"start":{"line":34,"column":0},"end":{"line":34,"column":6}},"35":{"start":{"line":36,"column":0},"end":{"line":36,"column":29}},"37":{"start":{"line":38,"column":0},"end":{"line":38,"column":19}},"38":{"start":{"line":39,"column":0},"end":{"line":39,"column":3}},"40":{"start":{"line":41,"column":0},"end":{"line":41,"column":56}},"41":{"start":{"line":42,"column":0},"end":{"line":42,"column":21}},"42":{"start":{"line":43,"column":0},"end":{"line":43,"column":54}},"43":{"start":{"line":44,"column":0},"end":{"line":44,"column":41}},"44":{"start":{"line":45,"column":0},"end":{"line":45,"column":3}},"46":{"start":{"line":47,"column":0},"end":{"line":47,"column":39}},"47":{"start":{"line":48,"column":0},"end":{"line":48,"column":77}},"48":{"start":{"line":49,"column":0},"end":{"line":49,"column":3}},"49":{"start":{"line":50,"column":0},"end":{"line":50,"column":1}}},"s":{"0":1,"2":1,"3":1,"5":1,"6":7,"8":1,"9":2,"10":2,"12":2,"13":0,"14":0,"15":0,"16":0,"17":2,"19":2,"20":2,"21":2,"23":0,"24":2,"26":1,"27":30,"28":30,"29":30,"30":30,"31":30,"32":30,"33":30,"35":30,"37":30,"38":30,"40":1,"41":2,"42":2,"43":2,"44":2,"46":1,"47":1,"48":1,"49":1},"branchMap":{"0":{"type":"branch","line":6,"loc":{"start":{"line":6,"column":7},"end":{"line":7,"column":31}},"locations":[{"start":{"line":6,"column":7},"end":{"line":7,"column":31}}]},"1":{"type":"branch","line":9,"loc":{"start":{"line":9,"column":2},"end":{"line":25,"column":3}},"locations":[{"start":{"line":9,"column":2},"end":{"line":25,"column":3}}]},"2":{"type":"branch","line":22,"loc":{"start":{"line":22,"column":4},"end":{"line":24,"column":29}},"locations":[{"start":{"line":22,"column":4},"end":{"line":24,"column":29}}]},"3":{"type":"branch","line":27,"loc":{"start":{"line":27,"column":2},"end":{"line":39,"column":3}},"locations":[{"start":{"line":27,"column":2},"end":{"line":39,"column":3}}]},"4":{"type":"branch","line":32,"loc":{"start":{"line":32,"column":25},"end":{"line":32,"column":70}},"locations":[{"start":{"line":32,"column":25},"end":{"line":32,"column":70}}]},"5":{"type":"branch","line":41,"loc":{"start":{"line":41,"column":2},"end":{"line":45,"column":3}},"locations":[{"start":{"line":41,"column":2},"end":{"line":45,"column":3}}]},"6":{"type":"branch","line":43,"loc":{"start":{"line":43,"column":14},"end":{"line":43,"column":53}},"locations":[{"start":{"line":43,"column":14},"end":{"line":43,"column":53}}]},"7":{"type":"branch","line":47,"loc":{"start":{"line":47,"column":2},"end":{"line":49,"column":3}},"locations":[{"start":{"line":47,"column":2},"end":{"line":49,"column":3}}]},"8":{"type":"branch","line":48,"loc":{"start":{"line":48,"column":29},"end":{"line":48,"column":68}},"locations":[{"start":{"line":48,"column":29},"end":{"line":48,"column":68}}]}},"b":{"0":[7],"1":[2],"2":[0],"3":[30],"4":[0],"5":[2],"6":[25],"7":[1],"8":[3]},"fnMap":{"0":{"name":"InMemoryCheckInsRepository","decl":{"start":{"line":6,"column":7},"end":{"line":7,"column":31}},"loc":{"start":{"line":6,"column":7},"end":{"line":7,"column":31}},"line":6},"1":{"name":"findByUserIdOnDate","decl":{"start":{"line":9,"column":2},"end":{"line":25,"column":3}},"loc":{"start":{"line":9,"column":2},"end":{"line":25,"column":3}},"line":9},"2":{"name":"create","decl":{"start":{"line":27,"column":2},"end":{"line":39,"column":3}},"loc":{"start":{"line":27,"column":2},"end":{"line":39,"column":3}},"line":27},"3":{"name":"findManyByUserId","decl":{"start":{"line":41,"column":2},"end":{"line":45,"column":3}},"loc":{"start":{"line":41,"column":2},"end":{"line":45,"column":3}},"line":41},"4":{"name":"countByUserId","decl":{"start":{"line":47,"column":2},"end":{"line":49,"column":3}},"loc":{"start":{"line":47,"column":2},"end":{"line":49,"column":3}},"line":47}},"f":{"0":7,"1":2,"2":30,"3":2,"4":1}}
,"/Users/luispavao/Desktop/Projetos/RocketSeat/Node-solid/src/repositories/in-memory/in-memory-gyms-repository.ts": {"path":"/Users/luispavao/Desktop/Projetos/RocketSeat/Node-solid/src/repositories/in-memory/in-memory-gyms-repository.ts","all":false,"statementMap":{"0":{"start":{"line":1,"column":0},"end":{"line":1,"column":64}},"2":{"start":{"line":3,"column":0},"end":{"line":3,"column":57}},"3":{"start":{"line":4,"column":0},"end":{"line":4,"column":36}},"5":{"start":{"line":6,"column":0},"end":{"line":6,"column":62}},"6":{"start":{"line":7,"column":0},"end":{"line":7,"column":27}},"8":{"start":{"line":9,"column":0},"end":{"line":9,"column":30}},"9":{"start":{"line":10,"column":0},"end":{"line":10,"column":58}},"11":{"start":{"line":12,"column":0},"end":{"line":12,"column":15}},"12":{"start":{"line":13,"column":0},"end":{"line":13,"column":18}},"13":{"start":{"line":14,"column":0},"end":{"line":14,"column":5}},"15":{"start":{"line":16,"column":0},"end":{"line":16,"column":15}},"16":{"start":{"line":17,"column":0},"end":{"line":17,"column":3}},"18":{"start":{"line":19,"column":0},"end":{"line":19,"column":45}},"19":{"start":{"line":20,"column":0},"end":{"line":20,"column":17}},"20":{"start":{"line":21,"column":0},"end":{"line":21,"column":34}},"21":{"start":{"line":22,"column":0},"end":{"line":22,"column":24}},"22":{"start":{"line":23,"column":0},"end":{"line":23,"column":44}},"23":{"start":{"line":24,"column":0},"end":{"line":24,"column":32}},"24":{"start":{"line":25,"column":0},"end":{"line":25,"column":54}},"25":{"start":{"line":26,"column":0},"end":{"line":26,"column":56}},"26":{"start":{"line":27,"column":0},"end":{"line":27,"column":29}},"27":{"start":{"line":28,"column":0},"end":{"line":28,"column":6}},"29":{"start":{"line":30,"column":0},"end":{"line":30,"column":25}},"31":{"start":{"line":32,"column":0},"end":{"line":32,"column":15}},"32":{"start":{"line":33,"column":0},"end":{"line":33,"column":3}},"33":{"start":{"line":34,"column":0},"end":{"line":34,"column":1}}},"s":{"0":1,"2":1,"3":1,"5":1,"6":5,"8":1,"9":4,"11":4,"12":0,"13":0,"15":4,"16":4,"18":1,"19":5,"20":5,"21":5,"22":5,"23":5,"24":5,"25":5,"26":5,"27":5,"29":5,"31":5,"32":5,"33":1},"branchMap":{"0":{"type":"branch","line":6,"loc":{"start":{"line":6,"column":7},"end":{"line":7,"column":27}},"locations":[{"start":{"line":6,"column":7},"end":{"line":7,"column":27}}]},"1":{"type":"branch","line":9,"loc":{"start":{"line":9,"column":2},"end":{"line":17,"column":3}},"locations":[{"start":{"line":9,"column":2},"end":{"line":17,"column":3}}]},"2":{"type":"branch","line":12,"loc":{"start":{"line":12,"column":14},"end":{"line":14,"column":5}},"locations":[{"start":{"line":12,"column":14},"end":{"line":14,"column":5}}]},"3":{"type":"branch","line":10,"loc":{"start":{"line":10,"column":32},"end":{"line":10,"column":56}},"locations":[{"start":{"line":10,"column":32},"end":{"line":10,"column":56}}]},"4":{"type":"branch","line":19,"loc":{"start":{"line":19,"column":2},"end":{"line":33,"column":3}},"locations":[{"start":{"line":19,"column":2},"end":{"line":33,"column":3}}]},"5":{"type":"branch","line":21,"loc":{"start":{"line":21,"column":15},"end":{"line":21,"column":34}},"locations":[{"start":{"line":21,"column":15},"end":{"line":21,"column":34}}]}},"b":{"0":[5],"1":[4],"2":[0],"3":[4],"4":[5],"5":[1]},"fnMap":{"0":{"name":"InMemoryGymsepository","decl":{"start":{"line":6,"column":7},"end":{"line":7,"column":27}},"loc":{"start":{"line":6,"column":7},"end":{"line":7,"column":27}},"line":6},"1":{"name":"findById","decl":{"start":{"line":9,"column":2},"end":{"line":17,"column":3}},"loc":{"start":{"line":9,"column":2},"end":{"line":17,"column":3}},"line":9},"2":{"name":"create","decl":{"start":{"line":19,"column":2},"end":{"line":33,"column":3}},"loc":{"start":{"line":19,"column":2},"end":{"line":33,"column":3}},"line":19}},"f":{"0":5,"1":4,"2":5}}
,"/Users/luispavao/Desktop/Projetos/RocketSeat/Node-solid/src/repositories/in-memory/in-memory-users-repository.ts": {"path":"/Users/luispavao/Desktop/Projetos/RocketSeat/Node-solid/src/repositories/in-memory/in-memory-users-repository.ts","all":false,"statementMap":{"3":{"start":{"line":4,"column":0},"end":{"line":4,"column":65}},"4":{"start":{"line":5,"column":0},"end":{"line":5,"column":28}},"6":{"start":{"line":7,"column":0},"end":{"line":7,"column":30}},"7":{"start":{"line":8,"column":0},"end":{"line":8,"column":59}},"9":{"start":{"line":10,"column":0},"end":{"line":10,"column":16}},"10":{"start":{"line":11,"column":0},"end":{"line":11,"column":18}},"11":{"start":{"line":12,"column":0},"end":{"line":12,"column":5}},"13":{"start":{"line":14,"column":0},"end":{"line":14,"column":16}},"14":{"start":{"line":15,"column":0},"end":{"line":15,"column":3}},"16":{"start":{"line":17,"column":0},"end":{"line":17,"column":36}},"17":{"start":{"line":18,"column":0},"end":{"line":18,"column":65}},"19":{"start":{"line":20,"column":0},"end":{"line":20,"column":16}},"20":{"start":{"line":21,"column":0},"end":{"line":21,"column":18}},"21":{"start":{"line":22,"column":0},"end":{"line":22,"column":5}},"23":{"start":{"line":24,"column":0},"end":{"line":24,"column":16}},"24":{"start":{"line":25,"column":0},"end":{"line":25,"column":3}},"26":{"start":{"line":27,"column":0},"end":{"line":27,"column":46}},"27":{"start":{"line":28,"column":0},"end":{"line":28,"column":18}},"28":{"start":{"line":29,"column":0},"end":{"line":29,"column":19}},"29":{"start":{"line":30,"column":0},"end":{"line":30,"column":22}},"30":{"start":{"line":31,"column":0},"end":{"line":31,"column":24}},"31":{"start":{"line":32,"column":0},"end":{"line":32,"column":40}},"32":{"start":{"line":33,"column":0},"end":{"line":33,"column":29}},"33":{"start":{"line":34,"column":0},"end":{"line":34,"column":6}},"35":{"start":{"line":36,"column":0},"end":{"line":36,"column":26}},"37":{"start":{"line":38,"column":0},"end":{"line":38,"column":16}},"38":{"start":{"line":39,"column":0},"end":{"line":39,"column":3}},"39":{"start":{"line":40,"column":0},"end":{"line":40,"column":1}}},"s":{"3":1,"4":8,"6":1,"7":2,"9":2,"10":1,"11":1,"13":1,"14":2,"16":1,"17":7,"19":7,"20":4,"21":4,"23":3,"24":7,"26":1,"27":6,"28":6,"29":6,"30":6,"31":6,"32":6,"33":6,"35":6,"37":6,"38":6,"39":1},"branchMap":{"0":{"type":"branch","line":4,"loc":{"start":{"line":4,"column":7},"end":{"line":5,"column":28}},"locations":[{"start":{"line":4,"column":7},"end":{"line":5,"column":28}}]},"1":{"type":"branch","line":7,"loc":{"start":{"line":7,"column":2},"end":{"line":15,"column":3}},"locations":[{"start":{"line":7,"column":2},"end":{"line":15,"column":3}}]},"2":{"type":"branch","line":10,"loc":{"start":{"line":10,"column":15},"end":{"line":14,"column":16}},"locations":[{"start":{"line":10,"column":15},"end":{"line":14,"column":16}}]},"3":{"type":"branch","line":8,"loc":{"start":{"line":8,"column":33},"end":{"line":8,"column":57}},"locations":[{"start":{"line":8,"column":33},"end":{"line":8,"column":57}}]},"4":{"type":"branch","line":17,"loc":{"start":{"line":17,"column":2},"end":{"line":25,"column":3}},"locations":[{"start":{"line":17,"column":2},"end":{"line":25,"column":3}}]},"5":{"type":"branch","line":20,"loc":{"start":{"line":20,"column":15},"end":{"line":22,"column":5}},"locations":[{"start":{"line":20,"column":15},"end":{"line":22,"column":5}}]},"6":{"type":"branch","line":22,"loc":{"start":{"line":22,"column":4},"end":{"line":24,"column":16}},"locations":[{"start":{"line":22,"column":4},"end":{"line":24,"column":16}}]},"7":{"type":"branch","line":18,"loc":{"start":{"line":18,"column":33},"end":{"line":18,"column":63}},"locations":[{"start":{"line":18,"column":33},"end":{"line":18,"column":63}}]},"8":{"type":"branch","line":27,"loc":{"start":{"line":27,"column":2},"end":{"line":39,"column":3}},"locations":[{"start":{"line":27,"column":2},"end":{"line":39,"column":3}}]}},"b":{"0":[8],"1":[2],"2":[1],"3":[1],"4":[7],"5":[4],"6":[3],"7":[3],"8":[6]},"fnMap":{"0":{"name":"InMemoryUsersRepository","decl":{"start":{"line":4,"column":7},"end":{"line":5,"column":28}},"loc":{"start":{"line":4,"column":7},"end":{"line":5,"column":28}},"line":4},"1":{"name":"findById","decl":{"start":{"line":7,"column":2},"end":{"line":15,"column":3}},"loc":{"start":{"line":7,"column":2},"end":{"line":15,"column":3}},"line":7},"2":{"name":"findByEmail","decl":{"start":{"line":17,"column":2},"end":{"line":25,"column":3}},"loc":{"start":{"line":17,"column":2},"end":{"line":25,"column":3}},"line":17},"3":{"name":"create","decl":{"start":{"line":27,"column":2},"end":{"line":39,"column":3}},"loc":{"start":{"line":27,"column":2},"end":{"line":39,"column":3}},"line":27}},"f":{"0":8,"1":2,"2":7,"3":6}}
,"/Users/luispavao/Desktop/Projetos/RocketSeat/Node-solid/src/repositories/prisma/prisma-users-repository.ts": {"path":"/Users/luispavao/Desktop/Projetos/RocketSeat/Node-solid/src/repositories/prisma/prisma-users-repository.ts","all":true,"statementMap":{"0":{"start":{"line":1,"column":0},"end":{"line":1,"column":40}},"1":{"start":{"line":2,"column":0},"end":{"line":2,"column":40}},"4":{"start":{"line":5,"column":0},"end":{"line":5,"column":63}},"5":{"start":{"line":6,"column":0},"end":{"line":6,"column":30}},"6":{"start":{"line":7,"column":0},"end":{"line":7,"column":47}},"7":{"start":{"line":8,"column":0},"end":{"line":8,"column":14}},"8":{"start":{"line":9,"column":0},"end":{"line":9,"column":11}},"9":{"start":{"line":10,"column":0},"end":{"line":10,"column":8}},"10":{"start":{"line":11,"column":0},"end":{"line":11,"column":7}},"12":{"start":{"line":13,"column":0},"end":{"line":13,"column":16}},"13":{"start":{"line":14,"column":0},"end":{"line":14,"column":3}},"15":{"start":{"line":16,"column":0},"end":{"line":16,"column":36}},"16":{"start":{"line":17,"column":0},"end":{"line":17,"column":47}},"17":{"start":{"line":18,"column":0},"end":{"line":18,"column":14}},"18":{"start":{"line":19,"column":0},"end":{"line":19,"column":14}},"19":{"start":{"line":20,"column":0},"end":{"line":20,"column":8}},"20":{"start":{"line":21,"column":0},"end":{"line":21,"column":7}},"22":{"start":{"line":23,"column":0},"end":{"line":23,"column":16}},"23":{"start":{"line":24,"column":0},"end":{"line":24,"column":3}},"25":{"start":{"line":26,"column":0},"end":{"line":26,"column":46}},"26":{"start":{"line":27,"column":0},"end":{"line":27,"column":43}},"27":{"start":{"line":28,"column":0},"end":{"line":28,"column":11}},"28":{"start":{"line":29,"column":0},"end":{"line":29,"column":7}},"29":{"start":{"line":30,"column":0},"end":{"line":30,"column":16}},"30":{"start":{"line":31,"column":0},"end":{"line":31,"column":3}},"31":{"start":{"line":32,"column":0},"end":{"line":32,"column":1}}},"s":{"0":0,"1":0,"4":0,"5":0,"6":0,"7":0,"8":0,"9":0,"10":0,"12":0,"13":0,"15":0,"16":0,"17":0,"18":0,"19":0,"20":0,"22":0,"23":0,"25":0,"26":0,"27":0,"28":0,"29":0,"30":0,"31":0},"branchMap":{"0":{"type":"branch","line":1,"loc":{"start":{"line":1,"column":650},"end":{"line":32,"column":1}},"locations":[{"start":{"line":1,"column":650},"end":{"line":32,"column":1}}]}},"b":{"0":[0]},"fnMap":{"0":{"name":"(empty-report)","decl":{"start":{"line":1,"column":650},"end":{"line":32,"column":1}},"loc":{"start":{"line":1,"column":650},"end":{"line":32,"column":1}},"line":1}},"f":{"0":0}}
,"/Users/luispavao/Desktop/Projetos/RocketSeat/Node-solid/src/use-cases/authenticate.ts": {"path":"/Users/luispavao/Desktop/Projetos/RocketSeat/Node-solid/src/use-cases/authenticate.ts","all":false,"statementMap":{"0":{"start":{"line":1,"column":0},"end":{"line":1,"column":38}},"1":{"start":{"line":2,"column":0},"end":{"line":2,"column":30}},"3":{"start":{"line":4,"column":0},"end":{"line":4,"column":89}},"14":{"start":{"line":15,"column":0},"end":{"line":15,"column":34}},"15":{"start":{"line":16,"column":0},"end":{"line":16,"column":57}},"17":{"start":{"line":18,"column":0},"end":{"line":18,"column":17}},"18":{"start":{"line":19,"column":0},"end":{"line":19,"column":10}},"19":{"start":{"line":20,"column":0},"end":{"line":20,"column":13}},"20":{"start":{"line":21,"column":0},"end":{"line":21,"column":58}},"24":{"start":{"line":25,"column":0},"end":{"line":25,"column":62}},"25":{"start":{"line":26,"column":0},"end":{"line":26,"column":16}},"26":{"start":{"line":27,"column":0},"end":{"line":27,"column":42}},"27":{"start":{"line":28,"column":0},"end":{"line":28,"column":5}},"28":{"start":{"line":29,"column":0},"end":{"line":29,"column":51}},"29":{"start":{"line":30,"column":0},"end":{"line":30,"column":15}},"30":{"start":{"line":31,"column":0},"end":{"line":31,"column":24}},"31":{"start":{"line":32,"column":0},"end":{"line":32,"column":6}},"33":{"start":{"line":34,"column":0},"end":{"line":34,"column":29}},"34":{"start":{"line":35,"column":0},"end":{"line":35,"column":42}},"35":{"start":{"line":36,"column":0},"end":{"line":36,"column":5}},"37":{"start":{"line":38,"column":0},"end":{"line":38,"column":12}},"38":{"start":{"line":39,"column":0},"end":{"line":39,"column":11}},"39":{"start":{"line":40,"column":0},"end":{"line":40,"column":6}},"40":{"start":{"line":41,"column":0},"end":{"line":41,"column":3}},"41":{"start":{"line":42,"column":0},"end":{"line":42,"column":1}}},"s":{"0":1,"1":1,"3":1,"14":1,"15":1,"17":1,"18":3,"19":3,"20":3,"24":3,"25":3,"26":1,"27":1,"28":2,"29":2,"30":2,"31":2,"33":3,"34":1,"35":1,"37":1,"38":1,"39":1,"40":3,"41":1},"branchMap":{"0":{"type":"branch","line":16,"loc":{"start":{"line":16,"column":2},"end":{"line":16,"column":57}},"locations":[{"start":{"line":16,"column":2},"end":{"line":16,"column":57}}]},"1":{"type":"branch","line":18,"loc":{"start":{"line":18,"column":2},"end":{"line":41,"column":3}},"locations":[{"start":{"line":18,"column":2},"end":{"line":41,"column":3}}]},"2":{"type":"branch","line":26,"loc":{"start":{"line":26,"column":15},"end":{"line":28,"column":5}},"locations":[{"start":{"line":26,"column":15},"end":{"line":28,"column":5}}]},"3":{"type":"branch","line":28,"loc":{"start":{"line":28,"column":4},"end":{"line":34,"column":28}},"locations":[{"start":{"line":28,"column":4},"end":{"line":34,"column":28}}]},"4":{"type":"branch","line":34,"loc":{"start":{"line":34,"column":28},"end":{"line":40,"column":6}},"locations":[{"start":{"line":34,"column":28},"end":{"line":40,"column":6}}]}},"b":{"0":[3],"1":[3],"2":[1],"3":[2],"4":[1]},"fnMap":{"0":{"name":"AuthenticateUseCase","decl":{"start":{"line":16,"column":2},"end":{"line":16,"column":57}},"loc":{"start":{"line":16,"column":2},"end":{"line":16,"column":57}},"line":16},"1":{"name":"execute","decl":{"start":{"line":18,"column":2},"end":{"line":41,"column":3}},"loc":{"start":{"line":18,"column":2},"end":{"line":41,"column":3}},"line":18}},"f":{"0":3,"1":3}}
,"/Users/luispavao/Desktop/Projetos/RocketSeat/Node-solid/src/use-cases/checkin.ts": {"path":"/Users/luispavao/Desktop/Projetos/RocketSeat/Node-solid/src/use-cases/checkin.ts","all":false,"statementMap":{"0":{"start":{"line":1,"column":0},"end":{"line":1,"column":73}},"1":{"start":{"line":2,"column":0},"end":{"line":2,"column":85}},"2":{"start":{"line":3,"column":0},"end":{"line":3,"column":81}},"17":{"start":{"line":18,"column":0},"end":{"line":18,"column":29}},"18":{"start":{"line":19,"column":0},"end":{"line":19,"column":14}},"19":{"start":{"line":20,"column":0},"end":{"line":20,"column":51}},"20":{"start":{"line":21,"column":0},"end":{"line":21,"column":42}},"21":{"start":{"line":22,"column":0},"end":{"line":22,"column":6}},"23":{"start":{"line":24,"column":0},"end":{"line":24,"column":17}},"24":{"start":{"line":25,"column":0},"end":{"line":25,"column":11}},"25":{"start":{"line":26,"column":0},"end":{"line":26,"column":10}},"26":{"start":{"line":27,"column":0},"end":{"line":27,"column":17}},"27":{"start":{"line":28,"column":0},"end":{"line":28,"column":18}},"28":{"start":{"line":29,"column":0},"end":{"line":29,"column":62}},"30":{"start":{"line":31,"column":0},"end":{"line":31,"column":58}},"31":{"start":{"line":32,"column":0},"end":{"line":32,"column":15}},"32":{"start":{"line":33,"column":0},"end":{"line":33,"column":40}},"33":{"start":{"line":34,"column":0},"end":{"line":34,"column":5}},"38":{"start":{"line":39,"column":0},"end":{"line":39,"column":47}},"39":{"start":{"line":40,"column":0},"end":{"line":40,"column":7}},"40":{"start":{"line":41,"column":0},"end":{"line":41,"column":39}},"41":{"start":{"line":42,"column":0},"end":{"line":42,"column":41}},"42":{"start":{"line":43,"column":0},"end":{"line":43,"column":8}},"43":{"start":{"line":44,"column":0},"end":{"line":44,"column":7}},"44":{"start":{"line":45,"column":0},"end":{"line":45,"column":39}},"45":{"start":{"line":46,"column":0},"end":{"line":46,"column":41}},"46":{"start":{"line":47,"column":0},"end":{"line":47,"column":7}},"47":{"start":{"line":48,"column":0},"end":{"line":48,"column":6}},"48":{"start":{"line":49,"column":0},"end":{"line":49,"column":39}},"49":{"start":{"line":50,"column":0},"end":{"line":50,"column":26}},"51":{"start":{"line":52,"column":0},"end":{"line":52,"column":44}},"52":{"start":{"line":53,"column":0},"end":{"line":53,"column":24}},"53":{"start":{"line":54,"column":0},"end":{"line":54,"column":5}},"55":{"start":{"line":56,"column":0},"end":{"line":56,"column":76}},"56":{"start":{"line":57,"column":0},"end":{"line":57,"column":13}},"57":{"start":{"line":58,"column":0},"end":{"line":58,"column":16}},"58":{"start":{"line":59,"column":0},"end":{"line":59,"column":6}},"60":{"start":{"line":61,"column":0},"end":{"line":61,"column":25}},"61":{"start":{"line":62,"column":0},"end":{"line":62,"column":55}},"62":{"start":{"line":63,"column":0},"end":{"line":63,"column":5}},"64":{"start":{"line":65,"column":0},"end":{"line":65,"column":58}},"65":{"start":{"line":66,"column":0},"end":{"line":66,"column":22}},"66":{"start":{"line":67,"column":0},"end":{"line":67,"column":20}},"67":{"start":{"line":68,"column":0},"end":{"line":68,"column":7}},"69":{"start":{"line":70,"column":0},"end":{"line":70,"column":12}},"70":{"start":{"line":71,"column":0},"end":{"line":71,"column":14}},"71":{"start":{"line":72,"column":0},"end":{"line":72,"column":6}},"72":{"start":{"line":73,"column":0},"end":{"line":73,"column":3}},"73":{"start":{"line":74,"column":0},"end":{"line":74,"column":1}}},"s":{"0":1,"1":1,"2":1,"17":1,"18":1,"19":4,"20":4,"21":4,"23":1,"24":4,"25":4,"26":4,"27":4,"28":4,"30":4,"31":4,"32":0,"33":0,"38":4,"39":4,"40":4,"41":4,"42":4,"43":4,"44":4,"45":4,"46":4,"47":4,"48":4,"49":4,"51":4,"52":2,"53":2,"55":2,"56":2,"57":2,"58":2,"60":4,"61":0,"62":0,"64":2,"65":2,"66":2,"67":2,"69":2,"70":2,"71":2,"72":4,"73":1},"branchMap":{"0":{"type":"branch","line":19,"loc":{"start":{"line":19,"column":2},"end":{"line":22,"column":6}},"locations":[{"start":{"line":19,"column":2},"end":{"line":22,"column":6}}]},"1":{"type":"branch","line":24,"loc":{"start":{"line":24,"column":2},"end":{"line":73,"column":3}},"locations":[{"start":{"line":24,"column":2},"end":{"line":73,"column":3}}]},"2":{"type":"branch","line":32,"loc":{"start":{"line":32,"column":14},"end":{"line":34,"column":5}},"locations":[{"start":{"line":32,"column":14},"end":{"line":34,"column":5}}]},"3":{"type":"branch","line":52,"loc":{"start":{"line":52,"column":43},"end":{"line":61,"column":24}},"locations":[{"start":{"line":52,"column":43},"end":{"line":61,"column":24}}]},"4":{"type":"branch","line":61,"loc":{"start":{"line":61,"column":24},"end":{"line":63,"column":5}},"locations":[{"start":{"line":61,"column":24},"end":{"line":63,"column":5}}]},"5":{"type":"branch","line":63,"loc":{"start":{"line":63,"column":4},"end":{"line":72,"column":6}},"locations":[{"start":{"line":63,"column":4},"end":{"line":72,"column":6}}]}},"b":{"0":[4],"1":[4],"2":[0],"3":[2],"4":[0],"5":[2]},"fnMap":{"0":{"name":"CheckInUseCase","decl":{"start":{"line":19,"column":2},"end":{"line":22,"column":6}},"loc":{"start":{"line":19,"column":2},"end":{"line":22,"column":6}},"line":19},"1":{"name":"execute","decl":{"start":{"line":24,"column":2},"end":{"line":73,"column":3}},"loc":{"start":{"line":24,"column":2},"end":{"line":73,"column":3}},"line":24}},"f":{"0":4,"1":4}}
,"/Users/luispavao/Desktop/Projetos/RocketSeat/Node-solid/src/use-cases/create-gym.ts": {"path":"/Users/luispavao/Desktop/Projetos/RocketSeat/Node-solid/src/use-cases/create-gym.ts","all":false,"statementMap":{"15":{"start":{"line":16,"column":0},"end":{"line":16,"column":31}},"16":{"start":{"line":17,"column":0},"end":{"line":17,"column":56}},"18":{"start":{"line":19,"column":0},"end":{"line":19,"column":17}},"19":{"start":{"line":20,"column":0},"end":{"line":20,"column":10}},"20":{"start":{"line":21,"column":0},"end":{"line":21,"column":16}},"21":{"start":{"line":22,"column":0},"end":{"line":22,"column":10}},"22":{"start":{"line":23,"column":0},"end":{"line":23,"column":13}},"23":{"start":{"line":24,"column":0},"end":{"line":24,"column":14}},"24":{"start":{"line":25,"column":0},"end":{"line":25,"column":66}},"25":{"start":{"line":26,"column":0},"end":{"line":26,"column":50}},"26":{"start":{"line":27,"column":0},"end":{"line":27,"column":12}},"27":{"start":{"line":28,"column":0},"end":{"line":28,"column":18}},"28":{"start":{"line":29,"column":0},"end":{"line":29,"column":12}},"29":{"start":{"line":30,"column":0},"end":{"line":30,"column":15}},"30":{"start":{"line":31,"column":0},"end":{"line":31,"column":16}},"31":{"start":{"line":32,"column":0},"end":{"line":32,"column":7}},"33":{"start":{"line":34,"column":0},"end":{"line":34,"column":12}},"34":{"start":{"line":35,"column":0},"end":{"line":35,"column":10}},"35":{"start":{"line":36,"column":0},"end":{"line":36,"column":6}},"36":{"start":{"line":37,"column":0},"end":{"line":37,"column":3}},"37":{"start":{"line":38,"column":0},"end":{"line":38,"column":1}}},"s":{"15":1,"16":1,"18":1,"19":1,"20":1,"21":1,"22":1,"23":1,"24":1,"25":1,"26":1,"27":1,"28":1,"29":1,"30":1,"31":1,"33":1,"34":1,"35":1,"36":1,"37":1},"branchMap":{"0":{"type":"branch","line":17,"loc":{"start":{"line":17,"column":2},"end":{"line":17,"column":56}},"locations":[{"start":{"line":17,"column":2},"end":{"line":17,"column":56}}]},"1":{"type":"branch","line":19,"loc":{"start":{"line":19,"column":2},"end":{"line":37,"column":3}},"locations":[{"start":{"line":19,"column":2},"end":{"line":37,"column":3}}]}},"b":{"0":[1],"1":[1]},"fnMap":{"0":{"name":"CreateGymUseCase","decl":{"start":{"line":17,"column":2},"end":{"line":17,"column":56}},"loc":{"start":{"line":17,"column":2},"end":{"line":17,"column":56}},"line":17},"1":{"name":"execute","decl":{"start":{"line":19,"column":2},"end":{"line":37,"column":3}},"loc":{"start":{"line":19,"column":2},"end":{"line":37,"column":3}},"line":19}},"f":{"0":1,"1":1}}
,"/Users/luispavao/Desktop/Projetos/RocketSeat/Node-solid/src/use-cases/fetch-user-check-ins-history.ts": {"path":"/Users/luispavao/Desktop/Projetos/RocketSeat/Node-solid/src/use-cases/fetch-user-check-ins-history.ts","all":false,"statementMap":{"12":{"start":{"line":13,"column":0},"end":{"line":13,"column":45}},"13":{"start":{"line":14,"column":0},"end":{"line":14,"column":64}},"15":{"start":{"line":16,"column":0},"end":{"line":16,"column":17}},"16":{"start":{"line":17,"column":0},"end":{"line":17,"column":11}},"17":{"start":{"line":18,"column":0},"end":{"line":18,"column":9}},"18":{"start":{"line":19,"column":0},"end":{"line":19,"column":94}},"20":{"start":{"line":21,"column":0},"end":{"line":21,"column":68}},"21":{"start":{"line":22,"column":0},"end":{"line":22,"column":13}},"22":{"start":{"line":23,"column":0},"end":{"line":23,"column":10}},"23":{"start":{"line":24,"column":0},"end":{"line":24,"column":6}},"25":{"start":{"line":26,"column":0},"end":{"line":26,"column":12}},"26":{"start":{"line":27,"column":0},"end":{"line":27,"column":24}},"27":{"start":{"line":28,"column":0},"end":{"line":28,"column":6}},"28":{"start":{"line":29,"column":0},"end":{"line":29,"column":3}},"29":{"start":{"line":30,"column":0},"end":{"line":30,"column":1}}},"s":{"12":1,"13":1,"15":1,"16":2,"17":2,"18":2,"20":2,"21":2,"22":2,"23":2,"25":2,"26":2,"27":2,"28":2,"29":1},"branchMap":{"0":{"type":"branch","line":14,"loc":{"start":{"line":14,"column":2},"end":{"line":14,"column":64}},"locations":[{"start":{"line":14,"column":2},"end":{"line":14,"column":64}}]},"1":{"type":"branch","line":16,"loc":{"start":{"line":16,"column":2},"end":{"line":29,"column":3}},"locations":[{"start":{"line":16,"column":2},"end":{"line":29,"column":3}}]}},"b":{"0":[2],"1":[2]},"fnMap":{"0":{"name":"FetchUserCheckInHistoryUseCase","decl":{"start":{"line":14,"column":2},"end":{"line":14,"column":64}},"loc":{"start":{"line":14,"column":2},"end":{"line":14,"column":64}},"line":14},"1":{"name":"execute","decl":{"start":{"line":16,"column":2},"end":{"line":29,"column":3}},"loc":{"start":{"line":16,"column":2},"end":{"line":29,"column":3}},"line":16}},"f":{"0":2,"1":2}}
,"/Users/luispavao/Desktop/Projetos/RocketSeat/Node-solid/src/use-cases/get-user-metrics.ts": {"path":"/Users/luispavao/Desktop/Projetos/RocketSeat/Node-solid/src/use-cases/get-user-metrics.ts","all":false,"statementMap":{"10":{"start":{"line":11,"column":0},"end":{"line":11,"column":36}},"11":{"start":{"line":12,"column":0},"end":{"line":12,"column":64}},"13":{"start":{"line":14,"column":0},"end":{"line":14,"column":17}},"14":{"start":{"line":15,"column":0},"end":{"line":15,"column":11}},"15":{"start":{"line":16,"column":0},"end":{"line":16,"column":76}},"17":{"start":{"line":18,"column":0},"end":{"line":18,"column":78}},"19":{"start":{"line":20,"column":0},"end":{"line":20,"column":12}},"20":{"start":{"line":21,"column":0},"end":{"line":21,"column":20}},"21":{"start":{"line":22,"column":0},"end":{"line":22,"column":6}},"22":{"start":{"line":23,"column":0},"end":{"line":23,"column":3}},"23":{"start":{"line":24,"column":0},"end":{"line":24,"column":1}}},"s":{"10":1,"11":1,"13":1,"14":1,"15":1,"17":1,"19":1,"20":1,"21":1,"22":1,"23":1},"branchMap":{"0":{"type":"branch","line":12,"loc":{"start":{"line":12,"column":2},"end":{"line":12,"column":64}},"locations":[{"start":{"line":12,"column":2},"end":{"line":12,"column":64}}]},"1":{"type":"branch","line":14,"loc":{"start":{"line":14,"column":2},"end":{"line":23,"column":3}},"locations":[{"start":{"line":14,"column":2},"end":{"line":23,"column":3}}]}},"b":{"0":[1],"1":[1]},"fnMap":{"0":{"name":"GetUserMetricsUseCase","decl":{"start":{"line":12,"column":2},"end":{"line":12,"column":64}},"loc":{"start":{"line":12,"column":2},"end":{"line":12,"column":64}},"line":12},"1":{"name":"execute","decl":{"start":{"line":14,"column":2},"end":{"line":23,"column":3}},"loc":{"start":{"line":14,"column":2},"end":{"line":23,"column":3}},"line":14}},"f":{"0":1,"1":1}}
,"/Users/luispavao/Desktop/Projetos/RocketSeat/Node-solid/src/use-cases/get-user-profile.ts": {"path":"/Users/luispavao/Desktop/Projetos/RocketSeat/Node-solid/src/use-cases/get-user-profile.ts","all":false,"statementMap":{"0":{"start":{"line":1,"column":0},"end":{"line":1,"column":85}},"12":{"start":{"line":13,"column":0},"end":{"line":13,"column":36}},"13":{"start":{"line":14,"column":0},"end":{"line":14,"column":57}},"15":{"start":{"line":16,"column":0},"end":{"line":16,"column":17}},"16":{"start":{"line":17,"column":0},"end":{"line":17,"column":11}},"17":{"start":{"line":18,"column":0},"end":{"line":18,"column":62}},"18":{"start":{"line":19,"column":0},"end":{"line":19,"column":60}},"19":{"start":{"line":20,"column":0},"end":{"line":20,"column":16}},"20":{"start":{"line":21,"column":0},"end":{"line":21,"column":40}},"21":{"start":{"line":22,"column":0},"end":{"line":22,"column":5}},"23":{"start":{"line":24,"column":0},"end":{"line":24,"column":12}},"24":{"start":{"line":25,"column":0},"end":{"line":25,"column":11}},"25":{"start":{"line":26,"column":0},"end":{"line":26,"column":6}},"26":{"start":{"line":27,"column":0},"end":{"line":27,"column":3}},"27":{"start":{"line":28,"column":0},"end":{"line":28,"column":1}}},"s":{"0":1,"12":1,"13":1,"15":1,"16":2,"17":2,"18":2,"19":2,"20":1,"21":1,"23":1,"24":1,"25":1,"26":2,"27":1},"branchMap":{"0":{"type":"branch","line":14,"loc":{"start":{"line":14,"column":2},"end":{"line":14,"column":57}},"locations":[{"start":{"line":14,"column":2},"end":{"line":14,"column":57}}]},"1":{"type":"branch","line":16,"loc":{"start":{"line":16,"column":2},"end":{"line":27,"column":3}},"locations":[{"start":{"line":16,"column":2},"end":{"line":27,"column":3}}]},"2":{"type":"branch","line":20,"loc":{"start":{"line":20,"column":15},"end":{"line":26,"column":6}},"locations":[{"start":{"line":20,"column":15},"end":{"line":26,"column":6}}]}},"b":{"0":[2],"1":[2],"2":[1]},"fnMap":{"0":{"name":"GetUserProfileUseCase","decl":{"start":{"line":14,"column":2},"end":{"line":14,"column":57}},"loc":{"start":{"line":14,"column":2},"end":{"line":14,"column":57}},"line":14},"1":{"name":"execute","decl":{"start":{"line":16,"column":2},"end":{"line":27,"column":3}},"loc":{"start":{"line":16,"column":2},"end":{"line":27,"column":3}},"line":16}},"f":{"0":2,"1":2}}
,"/Users/luispavao/Desktop/Projetos/RocketSeat/Node-solid/src/use-cases/register.ts": {"path":"/Users/luispavao/Desktop/Projetos/RocketSeat/Node-solid/src/use-cases/register.ts","all":false,"statementMap":{"0":{"start":{"line":1,"column":0},"end":{"line":1,"column":38}},"1":{"start":{"line":2,"column":0},"end":{"line":2,"column":30}},"3":{"start":{"line":4,"column":0},"end":{"line":4,"column":86}},"15":{"start":{"line":16,"column":0},"end":{"line":16,"column":26}},"16":{"start":{"line":17,"column":0},"end":{"line":17,"column":58}},"18":{"start":{"line":19,"column":0},"end":{"line":19,"column":17}},"19":{"start":{"line":20,"column":0},"end":{"line":20,"column":9}},"20":{"start":{"line":21,"column":0},"end":{"line":21,"column":10}},"21":{"start":{"line":22,"column":0},"end":{"line":22,"column":13}},"22":{"start":{"line":23,"column":0},"end":{"line":23,"column":56}},"23":{"start":{"line":24,"column":0},"end":{"line":24,"column":57}},"25":{"start":{"line":26,"column":0},"end":{"line":26,"column":76}},"27":{"start":{"line":28,"column":0},"end":{"line":28,"column":28}},"28":{"start":{"line":29,"column":0},"end":{"line":29,"column":40}},"29":{"start":{"line":30,"column":0},"end":{"line":30,"column":5}},"31":{"start":{"line":32,"column":0},"end":{"line":32,"column":52}},"32":{"start":{"line":33,"column":0},"end":{"line":33,"column":11}},"33":{"start":{"line":34,"column":0},"end":{"line":34,"column":12}},"34":{"start":{"line":35,"column":0},"end":{"line":35,"column":20}},"35":{"start":{"line":36,"column":0},"end":{"line":36,"column":7}},"37":{"start":{"line":38,"column":0},"end":{"line":38,"column":12}},"38":{"start":{"line":39,"column":0},"end":{"line":39,"column":11}},"39":{"start":{"line":40,"column":0},"end":{"line":40,"column":6}},"40":{"start":{"line":41,"column":0},"end":{"line":41,"column":3}},"41":{"start":{"line":42,"column":0},"end":{"line":42,"column":1}}},"s":{"0":1,"1":1,"3":1,"15":1,"16":1,"18":1,"19":4,"20":4,"21":4,"22":4,"23":4,"25":4,"27":4,"28":1,"29":1,"31":3,"32":3,"33":3,"34":3,"35":3,"37":3,"38":3,"39":3,"40":4,"41":1},"branchMap":{"0":{"type":"branch","line":17,"loc":{"start":{"line":17,"column":2},"end":{"line":17,"column":58}},"locations":[{"start":{"line":17,"column":2},"end":{"line":17,"column":58}}]},"1":{"type":"branch","line":19,"loc":{"start":{"line":19,"column":2},"end":{"line":41,"column":3}},"locations":[{"start":{"line":19,"column":2},"end":{"line":41,"column":3}}]},"2":{"type":"branch","line":28,"loc":{"start":{"line":28,"column":27},"end":{"line":30,"column":5}},"locations":[{"start":{"line":28,"column":27},"end":{"line":30,"column":5}}]},"3":{"type":"branch","line":30,"loc":{"start":{"line":30,"column":4},"end":{"line":40,"column":6}},"locations":[{"start":{"line":30,"column":4},"end":{"line":40,"column":6}}]}},"b":{"0":[3],"1":[4],"2":[1],"3":[3]},"fnMap":{"0":{"name":"RegisterUse","decl":{"start":{"line":17,"column":2},"end":{"line":17,"column":58}},"loc":{"start":{"line":17,"column":2},"end":{"line":17,"column":58}},"line":17},"1":{"name":"execute","decl":{"start":{"line":19,"column":2},"end":{"line":41,"column":3}},"loc":{"start":{"line":19,"column":2},"end":{"line":41,"column":3}},"line":19}},"f":{"0":3,"1":4}}
,"/Users/luispavao/Desktop/Projetos/RocketSeat/Node-solid/src/use-cases/errors/invalid-credentials-error.ts": {"path":"/Users/luispavao/Desktop/Projetos/RocketSeat/Node-solid/src/use-cases/errors/invalid-credentials-error.ts","all":false,"statementMap":{"0":{"start":{"line":1,"column":0},"end":{"line":1,"column":52}},"1":{"start":{"line":2,"column":0},"end":{"line":2,"column":17}},"2":{"start":{"line":3,"column":0},"end":{"line":3,"column":34}},"3":{"start":{"line":4,"column":0},"end":{"line":4,"column":3}},"4":{"start":{"line":5,"column":0},"end":{"line":5,"column":1}}},"s":{"0":1,"1":1,"2":2,"3":2,"4":1},"branchMap":{"0":{"type":"branch","line":2,"loc":{"start":{"line":2,"column":2},"end":{"line":4,"column":3}},"locations":[{"start":{"line":2,"column":2},"end":{"line":4,"column":3}}]}},"b":{"0":[2]},"fnMap":{"0":{"name":"InvalidCredentialsError","decl":{"start":{"line":2,"column":2},"end":{"line":4,"column":3}},"loc":{"start":{"line":2,"column":2},"end":{"line":4,"column":3}},"line":2}},"f":{"0":2}}
,"/Users/luispavao/Desktop/Projetos/RocketSeat/Node-solid/src/use-cases/errors/resource-note-found-error.ts": {"path":"/Users/luispavao/Desktop/Projetos/RocketSeat/Node-solid/src/use-cases/errors/resource-note-found-error.ts","all":false,"statementMap":{"0":{"start":{"line":1,"column":0},"end":{"line":1,"column":50}},"1":{"start":{"line":2,"column":0},"end":{"line":2,"column":17}},"2":{"start":{"line":3,"column":0},"end":{"line":3,"column":32}},"3":{"start":{"line":4,"column":0},"end":{"line":4,"column":3}},"4":{"start":{"line":5,"column":0},"end":{"line":5,"column":1}}},"s":{"0":1,"1":1,"2":1,"3":1,"4":1},"branchMap":{"0":{"type":"branch","line":2,"loc":{"start":{"line":2,"column":2},"end":{"line":4,"column":3}},"locations":[{"start":{"line":2,"column":2},"end":{"line":4,"column":3}}]}},"b":{"0":[1]},"fnMap":{"0":{"name":"ResourceNotFoundError","decl":{"start":{"line":2,"column":2},"end":{"line":4,"column":3}},"loc":{"start":{"line":2,"column":2},"end":{"line":4,"column":3}},"line":2}},"f":{"0":1}}
,"/Users/luispavao/Desktop/Projetos/RocketSeat/Node-solid/src/use-cases/errors/user-already-exist-error.ts": {"path":"/Users/luispavao/Desktop/Projetos/RocketSeat/Node-solid/src/use-cases/errors/user-already-exist-error.ts","all":false,"statementMap":{"0":{"start":{"line":1,"column":0},"end":{"line":1,"column":50}},"1":{"start":{"line":2,"column":0},"end":{"line":2,"column":17}},"2":{"start":{"line":3,"column":0},"end":{"line":3,"column":34}},"3":{"start":{"line":4,"column":0},"end":{"line":4,"column":3}},"4":{"start":{"line":5,"column":0},"end":{"line":5,"column":1}}},"s":{"0":1,"1":1,"2":1,"3":1,"4":1},"branchMap":{"0":{"type":"branch","line":2,"loc":{"start":{"line":2,"column":2},"end":{"line":4,"column":3}},"locations":[{"start":{"line":2,"column":2},"end":{"line":4,"column":3}}]}},"b":{"0":[1]},"fnMap":{"0":{"name":"UserAlreadyExistError","decl":{"start":{"line":2,"column":2},"end":{"line":4,"column":3}},"loc":{"start":{"line":2,"column":2},"end":{"line":4,"column":3}},"line":2}},"f":{"0":1}}
,"/Users/luispavao/Desktop/Projetos/RocketSeat/Node-solid/src/use-cases/factories/make-authenticate-use-case.ts": {"path":"/Users/luispavao/Desktop/Projetos/RocketSeat/Node-solid/src/use-cases/factories/make-authenticate-use-case.ts","all":true,"statementMap":{"0":{"start":{"line":1,"column":0},"end":{"line":1,"column":86}},"1":{"start":{"line":2,"column":0},"end":{"line":2,"column":63}},"3":{"start":{"line":4,"column":0},"end":{"line":4,"column":43}},"4":{"start":{"line":5,"column":0},"end":{"line":5,"column":60}},"5":{"start":{"line":6,"column":0},"end":{"line":6,"column":77}},"6":{"start":{"line":7,"column":0},"end":{"line":7,"column":29}},"7":{"start":{"line":8,"column":0},"end":{"line":8,"column":1}}},"s":{"0":0,"1":0,"3":0,"4":0,"5":0,"6":0,"7":0},"branchMap":{"0":{"type":"branch","line":1,"loc":{"start":{"line":1,"column":0},"end":{"line":8,"column":-111}},"locations":[{"start":{"line":1,"column":0},"end":{"line":8,"column":-111}}]}},"b":{"0":[0]},"fnMap":{"0":{"name":"(empty-report)","decl":{"start":{"line":1,"column":0},"end":{"line":8,"column":-111}},"loc":{"start":{"line":1,"column":0},"end":{"line":8,"column":-111}},"line":1}},"f":{"0":0}}
,"/Users/luispavao/Desktop/Projetos/RocketSeat/Node-solid/src/use-cases/factories/make-register-use-case.ts": {"path":"/Users/luispavao/Desktop/Projetos/RocketSeat/Node-solid/src/use-cases/factories/make-register-use-case.ts","all":true,"statementMap":{"0":{"start":{"line":1,"column":0},"end":{"line":1,"column":86}},"1":{"start":{"line":2,"column":0},"end":{"line":2,"column":51}},"2":{"start":{"line":3,"column":0},"end":{"line":3,"column":39}},"3":{"start":{"line":4,"column":0},"end":{"line":4,"column":54}},"4":{"start":{"line":5,"column":0},"end":{"line":5,"column":59}},"5":{"start":{"line":6,"column":0},"end":{"line":6,"column":25}},"6":{"start":{"line":7,"column":0},"end":{"line":7,"column":1}}},"s":{"0":0,"1":0,"2":0,"3":0,"4":0,"5":0,"6":0},"branchMap":{"0":{"type":"branch","line":1,"loc":{"start":{"line":1,"column":0},"end":{"line":7,"column":-133}},"locations":[{"start":{"line":1,"column":0},"end":{"line":7,"column":-133}}]}},"b":{"0":[0]},"fnMap":{"0":{"name":"(empty-report)","decl":{"start":{"line":1,"column":0},"end":{"line":7,"column":-133}},"loc":{"start":{"line":1,"column":0},"end":{"line":7,"column":-133}},"line":1}},"f":{"0":0}}
,"/Users/luispavao/Desktop/Projetos/RocketSeat/Node-solid/src/utils/get-distance-btw-coordinates.ts": {"path":"/Users/luispavao/Desktop/Projetos/RocketSeat/Node-solid/src/utils/get-distance-btw-coordinates.ts","all":false,"statementMap":{"5":{"start":{"line":6,"column":0},"end":{"line":6,"column":77}},"6":{"start":{"line":7,"column":0},"end":{"line":7,"column":73}},"7":{"start":{"line":8,"column":0},"end":{"line":8,"column":13}},"8":{"start":{"line":9,"column":0},"end":{"line":9,"column":3}},"10":{"start":{"line":11,"column":0},"end":{"line":11,"column":53}},"11":{"start":{"line":12,"column":0},"end":{"line":12,"column":49}},"13":{"start":{"line":14,"column":0},"end":{"line":14,"column":46}},"14":{"start":{"line":15,"column":0},"end":{"line":15,"column":43}},"16":{"start":{"line":17,"column":0},"end":{"line":17,"column":12}},"17":{"start":{"line":18,"column":0},"end":{"line":18,"column":47}},"18":{"start":{"line":19,"column":0},"end":{"line":19,"column":67}},"20":{"start":{"line":21,"column":0},"end":{"line":21,"column":17}},"21":{"start":{"line":22,"column":0},"end":{"line":22,"column":13}},"22":{"start":{"line":23,"column":0},"end":{"line":23,"column":3}},"24":{"start":{"line":25,"column":0},"end":{"line":25,"column":25}},"25":{"start":{"line":26,"column":0},"end":{"line":26,"column":32}},"26":{"start":{"line":27,"column":0},"end":{"line":27,"column":28}},"27":{"start":{"line":28,"column":0},"end":{"line":28,"column":25}},"29":{"start":{"line":30,"column":0},"end":{"line":30,"column":14}},"30":{"start":{"line":31,"column":0},"end":{"line":31,"column":1}}},"s":{"5":1,"6":4,"7":2,"8":2,"10":2,"11":2,"13":2,"14":2,"16":2,"17":2,"18":2,"20":4,"21":0,"22":0,"24":2,"25":2,"26":2,"27":2,"29":2,"30":2},"branchMap":{"0":{"type":"branch","line":6,"loc":{"start":{"line":6,"column":7},"end":{"line":31,"column":1}},"locations":[{"start":{"line":6,"column":7},"end":{"line":31,"column":1}}]},"1":{"type":"branch","line":7,"loc":{"start":{"line":7,"column":27},"end":{"line":7,"column":72}},"locations":[{"start":{"line":7,"column":27},"end":{"line":7,"column":72}}]},"2":{"type":"branch","line":7,"loc":{"start":{"line":7,"column":72},"end":{"line":21,"column":16}},"locations":[{"start":{"line":7,"column":72},"end":{"line":21,"column":16}}]},"3":{"type":"branch","line":21,"loc":{"start":{"line":21,"column":16},"end":{"line":23,"column":3}},"locations":[{"start":{"line":21,"column":16},"end":{"line":23,"column":3}}]},"4":{"type":"branch","line":23,"loc":{"start":{"line":23,"column":2},"end":{"line":31,"column":1}},"locations":[{"start":{"line":23,"column":2},"end":{"line":31,"column":1}}]}},"b":{"0":[4],"1":[2],"2":[2],"3":[0],"4":[2]},"fnMap":{"0":{"name":"getDistanceBtwCoordinates","decl":{"start":{"line":6,"column":7},"end":{"line":31,"column":1}},"loc":{"start":{"line":6,"column":7},"end":{"line":31,"column":1}},"line":6}},"f":{"0":4}}
}
